<?xml version="1.0" encoding="UTF-8"?>
<!-- Generated by org.testng.reporters.JUnitReportReporter -->
<testsuite hostname="DESKTOP-4T26L2U" failures="0" tests="11" name="meri.kiran.stadionWeather" time="6.169" errors="0" timestamp="2022-02-19T21:25:57 CET" skipped="0">
  <testcase classname="meri.kiran.stadionWeather" name="stadion_FCB" time="0.385"/>
  <system-out/>
  <testcase classname="meri.kiran.stadionWeather" name="stadion_f95" time="0.360"/>
  <system-out/>
  <testcase classname="meri.kiran.stadionWeather" name="stadion_FCA" time="2.417"/>
  <system-out/>
  <testcase classname="meri.kiran.stadionWeather" name="stadion_b04" time="0.308"/>
  <system-out/>
  <testcase classname="meri.kiran.stadionWeather" name="stadion_S04" time="0.328"/>
  <system-out/>
  <testcase classname="meri.kiran.stadionWeather" name="stadion_HOF" time="0.374"/>
  <system-out/>
  <testcase classname="meri.kiran.stadionWeather" name="stadion_bvb" time="0.376"/>
  <system-out/>
  <testcase classname="meri.kiran.stadionWeather" name="stadion_HBC" time="0.404"/>
  <system-out/>
  <testcase classname="meri.kiran.stadionWeather" name="stadion_UNI" time="0.393"/>
  <system-out/>
  <testcase classname="meri.kiran.stadionWeather" name="stadion_ROS" time="0.422"/>
  <system-out/>
  <testcase classname="meri.kiran.stadionWeather" name="stadion_KAI" time="0.402"/>
  <system-out/>
</testsuite> <!-- meri.kiran.stadionWeather -->
